<?xml version="1.0" encoding="UTF-8"?>
<testsuite name="com.mindex.challenge.service.impl.ReportingStructureServiceImplTest" tests="1" skipped="0" failures="0" errors="0" timestamp="2024-12-02T02:22:20" hostname="DESKTOP-6UV7TLV" time="1.519">
  <properties/>
  <testcase name="testRetrieve" classname="com.mindex.challenge.service.impl.ReportingStructureServiceImplTest" time="1.519"/>
  <system-out><![CDATA[21:22:16.109 [Test worker] INFO org.springframework.test.context.support.AnnotationConfigContextLoaderUtils -- Could not detect default configuration classes for test class [com.mindex.challenge.service.impl.ReportingStructureServiceImplTest]: ReportingStructureServiceImplTest does not declare any static, non-private, non-final, nested classes annotated with @Configuration.
21:22:16.293 [Test worker] INFO org.springframework.boot.test.context.SpringBootTestContextBootstrapper -- Found @SpringBootConfiguration com.mindex.challenge.ChallengeApplication for test class com.mindex.challenge.service.impl.ReportingStructureServiceImplTest

  .   ____          _            __ _ _
 /\\ / ___'_ __ _ _(_)_ __  __ _ \ \ \ \
( ( )\___ | '_ | '_| | '_ \/ _` | \ \ \ \
 \\/  ___)| |_)| | | | | || (_| |  ) ) ) )
  '  |____| .__|_| |_|_| |_\__, | / / / /
 =========|_|==============|___/=/_/_/_/
 :: Spring Boot ::                (v3.2.3)

2024-12-01T21:22:16.891-05:00  INFO 28608 --- [    Test worker] .c.s.i.ReportingStructureServiceImplTest : Starting ReportingStructureServiceImplTest using Java 17.0.12 with PID 28608 (started by Footlessmilk in C:\Users\Footlessmilk\IdeaProjects\mindex-code-challenge)
2024-12-01T21:22:16.892-05:00 DEBUG 28608 --- [    Test worker] .c.s.i.ReportingStructureServiceImplTest : Running with Spring Boot v3.2.3, Spring v6.1.4
2024-12-01T21:22:16.893-05:00  INFO 28608 --- [    Test worker] .c.s.i.ReportingStructureServiceImplTest : No active profile set, falling back to 1 default profile: "default"
2024-12-01T21:22:17.477-05:00  INFO 28608 --- [    Test worker] .s.d.r.c.RepositoryConfigurationDelegate : Bootstrapping Spring Data MongoDB repositories in DEFAULT mode.
2024-12-01T21:22:17.535-05:00  INFO 28608 --- [    Test worker] .s.d.r.c.RepositoryConfigurationDelegate : Finished Spring Data repository scanning in 51 ms. Found 1 MongoDB repository interface.
2024-12-01T21:22:18.435-05:00  INFO 28608 --- [    Test worker] o.s.b.w.embedded.tomcat.TomcatWebServer  : Tomcat initialized with port 0 (http)
2024-12-01T21:22:18.453-05:00  INFO 28608 --- [    Test worker] o.apache.catalina.core.StandardService   : Starting service [Tomcat]
2024-12-01T21:22:18.453-05:00  INFO 28608 --- [    Test worker] o.apache.catalina.core.StandardEngine    : Starting Servlet engine: [Apache Tomcat/10.1.19]
2024-12-01T21:22:18.565-05:00  INFO 28608 --- [    Test worker] o.a.c.c.C.[Tomcat].[localhost].[/]       : Initializing Spring embedded WebApplicationContext
2024-12-01T21:22:18.566-05:00  INFO 28608 --- [    Test worker] w.s.c.ServletWebServerApplicationContext : Root WebApplicationContext: initialization completed in 1645 ms
2024-12-01T21:22:19.077-05:00  INFO 28608 --- [    Test worker] de.bwaldvogel.mongo.MongoServer          : started MongoServer(port: 56452, ssl: false)
2024-12-01T21:22:19.275-05:00  INFO 28608 --- [    Test worker] org.mongodb.driver.client                : MongoClient with metadata {"driver": {"name": "mongo-java-driver|sync", "version": "4.11.1"}, "os": {"type": "Windows", "name": "Windows 10", "architecture": "amd64", "version": "10.0"}, "platform": "Java/Oracle Corporation/17.0.12+8-LTS-286"} created with settings MongoClientSettings{readPreference=primary, writeConcern=WriteConcern{w=null, wTimeout=null ms, journal=null}, retryWrites=true, retryReads=true, readConcern=ReadConcern{level=null}, credential=null, transportSettings=null, streamFactoryFactory=null, commandListeners=[], codecRegistry=ProvidersCodecRegistry{codecProviders=[ValueCodecProvider{}, BsonValueCodecProvider{}, DBRefCodecProvider{}, DBObjectCodecProvider{}, DocumentCodecProvider{}, CollectionCodecProvider{}, IterableCodecProvider{}, MapCodecProvider{}, GeoJsonCodecProvider{}, GridFSFileCodecProvider{}, Jsr310CodecProvider{}, JsonObjectCodecProvider{}, BsonCodecProvider{}, EnumCodecProvider{}, com.mongodb.client.model.mql.ExpressionCodecProvider@1e56bc9b, com.mongodb.Jep395RecordCodecProvider@6f3bd37f, com.mongodb.KotlinCodecProvider@403364e9]}, loggerSettings=LoggerSettings{maxDocumentLength=1000}, clusterSettings={hosts=[127.0.0.1:56452], srvServiceName=mongodb, mode=SINGLE, requiredClusterType=UNKNOWN, requiredReplicaSetName='null', serverSelector='null', clusterListeners='[]', serverSelectionTimeout='30000 ms', localThreshold='15 ms'}, socketSettings=SocketSettings{connectTimeoutMS=10000, readTimeoutMS=0, receiveBufferSize=0, proxySettings=ProxySettings{host=null, port=null, username=null, password=null}}, heartbeatSocketSettings=SocketSettings{connectTimeoutMS=10000, readTimeoutMS=10000, receiveBufferSize=0, proxySettings=ProxySettings{host=null, port=null, username=null, password=null}}, connectionPoolSettings=ConnectionPoolSettings{maxSize=100, minSize=0, maxWaitTimeMS=120000, maxConnectionLifeTimeMS=0, maxConnectionIdleTimeMS=0, maintenanceInitialDelayMS=0, maintenanceFrequencyMS=60000, connectionPoolListeners=[], maxConnecting=2}, serverSettings=ServerSettings{heartbeatFrequencyMS=10000, minHeartbeatFrequencyMS=500, serverListeners='[]', serverMonitorListeners='[]'}, sslSettings=SslSettings{enabled=false, invalidHostNameAllowed=false, context=null}, applicationName='null', compressorList=[], uuidRepresentation=UNSPECIFIED, serverApi=null, autoEncryptionSettings=null, dnsClient=null, inetAddressResolver=null, contextProvider=null}
2024-12-01T21:22:19.290-05:00  INFO 28608 --- [-server-worker1] d.b.mongo.wire.MongoWireProtocolHandler  : client [id: 0x1d60d2cc, L:/127.0.0.1:56452 - R:/127.0.0.1:56454] connected
2024-12-01T21:22:19.290-05:00  INFO 28608 --- [-server-worker2] d.b.mongo.wire.MongoWireProtocolHandler  : client [id: 0x208ba5ef, L:/127.0.0.1:56452 - R:/127.0.0.1:56453] connected
2024-12-01T21:22:19.376-05:00  INFO 28608 --- [127.0.0.1:56452] org.mongodb.driver.cluster               : Monitor thread successfully connected to server with description ServerDescription{address=127.0.0.1:56452, type=STANDALONE, state=CONNECTED, ok=true, minWireVersion=0, maxWireVersion=6, maxDocumentSize=16777216, logicalSessionTimeoutMinutes=null, roundTripTimeNanos=106398700}
2024-12-01T21:22:19.991-05:00  INFO 28608 --- [-server-worker3] d.b.mongo.wire.MongoWireProtocolHandler  : client [id: 0xa287a5a3, L:/127.0.0.1:56452 - R:/127.0.0.1:56455] connected
2024-12-01T21:22:20.034-05:00  INFO 28608 --- [-server-worker3] d.b.mongo.backend.AbstractMongoBackend   : created database test
2024-12-01T21:22:20.040-05:00  INFO 28608 --- [-server-worker3] d.b.mongo.backend.AbstractMongoDatabase  : adding unique _id index for collection employee
2024-12-01T21:22:20.049-05:00  INFO 28608 --- [-server-worker3] d.b.mongo.backend.AbstractMongoDatabase  : created collection test.employee
2024-12-01T21:22:20.566-05:00  INFO 28608 --- [    Test worker] o.s.b.w.embedded.tomcat.TomcatWebServer  : Tomcat started on port 56456 (http) with context path ''
2024-12-01T21:22:20.579-05:00  INFO 28608 --- [    Test worker] .c.s.i.ReportingStructureServiceImplTest : Started ReportingStructureServiceImplTest in 4.061 seconds (process running for 5.486)
2024-12-01T21:22:21.845-05:00  INFO 28608 --- [o-auto-1-exec-1] o.a.c.c.C.[Tomcat].[localhost].[/]       : Initializing Spring DispatcherServlet 'dispatcherServlet'
2024-12-01T21:22:21.846-05:00  INFO 28608 --- [o-auto-1-exec-1] o.s.web.servlet.DispatcherServlet        : Initializing Servlet 'dispatcherServlet'
2024-12-01T21:22:21.847-05:00  INFO 28608 --- [o-auto-1-exec-1] o.s.web.servlet.DispatcherServlet        : Completed initialization in 1 ms
2024-12-01T21:22:21.903-05:00 DEBUG 28608 --- [o-auto-1-exec-1] c.m.c.controller.EmployeeController      : Received employee create request for [com.mindex.challenge.data.Employee@335f7c30]
2024-12-01T21:22:21.904-05:00 DEBUG 28608 --- [o-auto-1-exec-1] c.m.c.service.impl.EmployeeServiceImpl   : Creating employee [com.mindex.challenge.data.Employee@335f7c30]
2024-12-01T21:22:21.943-05:00 DEBUG 28608 --- [o-auto-1-exec-2] c.m.c.controller.EmployeeController      : Received employee create request for [com.mindex.challenge.data.Employee@39a4d6d6]
2024-12-01T21:22:21.943-05:00 DEBUG 28608 --- [o-auto-1-exec-2] c.m.c.service.impl.EmployeeServiceImpl   : Creating employee [com.mindex.challenge.data.Employee@39a4d6d6]
2024-12-01T21:22:21.959-05:00 DEBUG 28608 --- [o-auto-1-exec-3] c.m.c.controller.EmployeeController      : Received employee create request for [com.mindex.challenge.data.Employee@c4154e9]
2024-12-01T21:22:21.959-05:00 DEBUG 28608 --- [o-auto-1-exec-3] c.m.c.service.impl.EmployeeServiceImpl   : Creating employee [com.mindex.challenge.data.Employee@c4154e9]
2024-12-01T21:22:21.975-05:00 DEBUG 28608 --- [o-auto-1-exec-4] c.m.c.controller.EmployeeController      : Received employee create request for [com.mindex.challenge.data.Employee@516271de]
2024-12-01T21:22:21.976-05:00 DEBUG 28608 --- [o-auto-1-exec-4] c.m.c.service.impl.EmployeeServiceImpl   : Creating employee [com.mindex.challenge.data.Employee@516271de]
2024-12-01T21:22:21.990-05:00 DEBUG 28608 --- [o-auto-1-exec-5] c.m.c.controller.EmployeeController      : Received employee create request for id [1e946c76-1d0e-4008-8bae-6b6bae88ef40] and employee [com.mindex.challenge.data.Employee@ed8af87]
2024-12-01T21:22:21.990-05:00 DEBUG 28608 --- [o-auto-1-exec-5] c.m.c.service.impl.EmployeeServiceImpl   : Updating employee [com.mindex.challenge.data.Employee@ed8af87]
2024-12-01T21:22:22.016-05:00 DEBUG 28608 --- [o-auto-1-exec-6] c.m.c.controller.EmployeeController      : Received employee create request for id [177e0d83-03b8-4c9c-8460-d42eac7f6d1f] and employee [com.mindex.challenge.data.Employee@ae39f90]
2024-12-01T21:22:22.016-05:00 DEBUG 28608 --- [o-auto-1-exec-6] c.m.c.service.impl.EmployeeServiceImpl   : Updating employee [com.mindex.challenge.data.Employee@ae39f90]
2024-12-01T21:22:22.026-05:00 DEBUG 28608 --- [o-auto-1-exec-7] c.m.c.c.ReportingStructureController     : Received reportingStructure retrieval request for id [1e946c76-1d0e-4008-8bae-6b6bae88ef40]
2024-12-01T21:22:22.026-05:00 DEBUG 28608 --- [o-auto-1-exec-7] c.m.c.s.i.ReportingStructureServiceImpl  : Retrieving reporting structure for employee [1e946c76-1d0e-4008-8bae-6b6bae88ef40]
2024-12-01T21:22:22.026-05:00 DEBUG 28608 --- [o-auto-1-exec-7] c.m.c.service.impl.EmployeeServiceImpl   : finding employee with id [1e946c76-1d0e-4008-8bae-6b6bae88ef40]
2024-12-01T21:22:22.088-05:00 DEBUG 28608 --- [o-auto-1-exec-7] c.m.c.s.i.ReportingStructureServiceImpl  : number of directReports found 2 for reporting id
2024-12-01T21:22:22.088-05:00 DEBUG 28608 --- [o-auto-1-exec-7] c.m.c.service.impl.EmployeeServiceImpl   : finding employee with id [177e0d83-03b8-4c9c-8460-d42eac7f6d1f]
2024-12-01T21:22:22.091-05:00 DEBUG 28608 --- [o-auto-1-exec-7] c.m.c.s.i.ReportingStructureServiceImpl  : number of directReports found 1 for id [177e0d83-03b8-4c9c-8460-d42eac7f6d1f]
2024-12-01T21:22:22.091-05:00 DEBUG 28608 --- [o-auto-1-exec-7] c.m.c.service.impl.EmployeeServiceImpl   : finding employee with id [47f5e6fe-910b-442d-8865-d245d7357b16]
2024-12-01T21:22:22.094-05:00 DEBUG 28608 --- [o-auto-1-exec-7] c.m.c.s.i.ReportingStructureServiceImpl  : no directReports found for id [47f5e6fe-910b-442d-8865-d245d7357b16]
2024-12-01T21:22:22.094-05:00 DEBUG 28608 --- [o-auto-1-exec-7] c.m.c.service.impl.EmployeeServiceImpl   : finding employee with id [94e42a6c-e6b0-4112-a14f-eb9ab942da26]
2024-12-01T21:22:22.097-05:00 DEBUG 28608 --- [o-auto-1-exec-7] c.m.c.s.i.ReportingStructureServiceImpl  : no directReports found for id [94e42a6c-e6b0-4112-a14f-eb9ab942da26]
]]></system-out>
  <system-err><![CDATA[]]></system-err>
</testsuite>
